<?xml version="1.0" encoding="UTF-8"?>
<!-- Generated by org.testng.reporters.JUnitXMLReporter -->
<testsuite ignored="0" hostname="DESKTOP-DCF98J4" failures="0" tests="4" name="Default test" time="11.354" errors="0" timestamp="2024-04-02T18:00:20 GST">
  <testcase classname="Testpkg.Angrakhaahometest" name="atitleverification" time="0.099"/>
  <testcase classname="Testpkg.Angrakhaahometest" name="hamburgermenu" time="1.364"/>
  <testcase classname="Testpkg.Angrakhaahometest" name="logoverification" time="0.152"/>
  <testcase classname="Testpkg.Angrakhaahometest" name="searchitem" time="2.79"/>
</testsuite> <!-- Default test -->
